-------------------------------------------------------------------------------
Test set: com.fikri.peminjaman.service.PeminjamanServiceApplicationTests
-------------------------------------------------------------------------------
Tests run: 1, Failures: 0, Errors: 1, Skipped: 0, Time elapsed: 0.245 s <<< FAILURE! - in com.fikri.peminjaman.service.PeminjamanServiceApplicationTests
com.fikri.peminjaman.service.PeminjamanServiceApplicationTests  Time elapsed: 0.244 s  <<< ERROR!
java.lang.IllegalStateException: Unable to find a @SpringBootConfiguration, you need to use @ContextConfiguration or @SpringBootTest(classes=...) with your test

